<?xml version="1.0" encoding="UTF-8"?>
<testng-results skipped="0" failed="0" total="2" passed="2">
  <reporter-output>
    <line>
      <![CDATA[Link Clicked On xpath //*[text()[contains(.,'REGISTER')]]]]>
    </line>
    <line>
      <![CDATA[Value entered on Text Box name userName]]>
    </line>
    <line>
      <![CDATA[Value entered on Text Box name password]]>
    </line>
    <line>
      <![CDATA[Link Clicked On name login]]>
    </line>
    <line>
      <![CDATA[Link Clicked On xpath html/body/div[1]/table/tbody/tr/td[2]/table/tbody/tr[4]/td/table/tbody/tr/td[2]/table/tbody/tr[5]/td/form/table/tbody/tr[2]/td[2]/b/font/input[2]]]>
    </line>
    <line>
      <![CDATA[Value2 selected on xpathhtml/body/div[1]/table/tbody/tr/td[2]/table/tbody/tr[4]/td/table/tbody/tr/td[2]/table/tbody/tr[5]/td/form/table/tbody/tr[3]/td[2]/b/select]]>
    </line>
    <line>
      <![CDATA[Link Clicked On linkText Home]]>
    </line>
    <line>
      <![CDATA[Link Clicked On xpath //*[text()[contains(.,'REGISTER')]]]]>
    </line>
    <line>
      <![CDATA[Value entered on Text Box name userName]]>
    </line>
    <line>
      <![CDATA[Value entered on Text Box name password]]>
    </line>
    <line>
      <![CDATA[Link Clicked On name login]]>
    </line>
    <line>
      <![CDATA[Link Clicked On xpath html/body/div[1]/table/tbody/tr/td[2]/table/tbody/tr[4]/td/table/tbody/tr/td[2]/table/tbody/tr[5]/td/form/table/tbody/tr[2]/td[2]/b/font/input[2]]]>
    </line>
    <line>
      <![CDATA[Value2 selected on xpathhtml/body/div[1]/table/tbody/tr/td[2]/table/tbody/tr[4]/td/table/tbody/tr/td[2]/table/tbody/tr[5]/td/form/table/tbody/tr[3]/td[2]/b/select]]>
    </line>
    <line>
      <![CDATA[Link Clicked On linkText Home]]>
    </line>
  </reporter-output>
  <suite name="Default suite" duration-ms="98981" started-at="2017-05-11T09:57:03Z" finished-at="2017-05-11T09:58:42Z">
    <groups>
    </groups>
    <test name="Default test" duration-ms="98981" started-at="2017-05-11T09:57:03Z" finished-at="2017-05-11T09:58:42Z">
      <class name="demo_package.Demo_Test2">
        <test-method status="PASS" signature="intialize()[pri:0, instance:demo_package.Demo_Test2@d8355a8]" name="intialize" is-config="true" duration-ms="11" started-at="2017-05-11T15:27:03Z" finished-at="2017-05-11T15:27:03Z">
          <reporter-output>
          </reporter-output>
        </test-method> <!-- intialize -->
        <test-method status="PASS" signature="f(java.lang.String, java.lang.String, java.lang.String)[pri:1, instance:demo_package.Demo_Test2@d8355a8]" name="f" duration-ms="79973" started-at="2017-05-11T15:27:03Z" data-provider="testdata" finished-at="2017-05-11T15:28:23Z">
          <params>
            <param index="0">
              <value>
                <![CDATA[selva_1709@yahoo.com]]>
              </value>
            </param>
            <param index="1">
              <value>
                <![CDATA[sanjayjune15]]>
              </value>
            </param>
            <param index="2">
              <value>
                <![CDATA[2]]>
              </value>
            </param>
          </params>
          <reporter-output>
            <line>
              <![CDATA[Link Clicked On xpath //*[text()[contains(.,'REGISTER')]]]]>
            </line>
            <line>
              <![CDATA[Value entered on Text Box name userName]]>
            </line>
            <line>
              <![CDATA[Value entered on Text Box name password]]>
            </line>
            <line>
              <![CDATA[Link Clicked On name login]]>
            </line>
            <line>
              <![CDATA[Link Clicked On xpath html/body/div[1]/table/tbody/tr/td[2]/table/tbody/tr[4]/td/table/tbody/tr/td[2]/table/tbody/tr[5]/td/form/table/tbody/tr[2]/td[2]/b/font/input[2]]]>
            </line>
            <line>
              <![CDATA[Value2 selected on xpathhtml/body/div[1]/table/tbody/tr/td[2]/table/tbody/tr[4]/td/table/tbody/tr/td[2]/table/tbody/tr[5]/td/form/table/tbody/tr[3]/td[2]/b/select]]>
            </line>
            <line>
              <![CDATA[Link Clicked On linkText Home]]>
            </line>
          </reporter-output>
        </test-method> <!-- f -->
        <test-method status="PASS" signature="f(java.lang.String, java.lang.String, java.lang.String)[pri:1, instance:demo_package.Demo_Test2@d8355a8]" name="f" duration-ms="18710" started-at="2017-05-11T15:28:23Z" data-provider="testdata" finished-at="2017-05-11T15:28:42Z">
          <params>
            <param index="0">
              <value>
                <![CDATA[selva_1709@yahoo.com]]>
              </value>
            </param>
            <param index="1">
              <value>
                <![CDATA[sanjayjune15]]>
              </value>
            </param>
            <param index="2">
              <value>
                <![CDATA[2]]>
              </value>
            </param>
          </params>
          <reporter-output>
            <line>
              <![CDATA[Link Clicked On xpath //*[text()[contains(.,'REGISTER')]]]]>
            </line>
            <line>
              <![CDATA[Value entered on Text Box name userName]]>
            </line>
            <line>
              <![CDATA[Value entered on Text Box name password]]>
            </line>
            <line>
              <![CDATA[Link Clicked On name login]]>
            </line>
            <line>
              <![CDATA[Link Clicked On xpath html/body/div[1]/table/tbody/tr/td[2]/table/tbody/tr[4]/td/table/tbody/tr/td[2]/table/tbody/tr[5]/td/form/table/tbody/tr[2]/td[2]/b/font/input[2]]]>
            </line>
            <line>
              <![CDATA[Value2 selected on xpathhtml/body/div[1]/table/tbody/tr/td[2]/table/tbody/tr[4]/td/table/tbody/tr/td[2]/table/tbody/tr[5]/td/form/table/tbody/tr[3]/td[2]/b/select]]>
            </line>
            <line>
              <![CDATA[Link Clicked On linkText Home]]>
            </line>
          </reporter-output>
        </test-method> <!-- f -->
        <test-method status="PASS" signature="closeBrowser()[pri:0, instance:demo_package.Demo_Test2@d8355a8]" name="closeBrowser" is-config="true" duration-ms="1" started-at="2017-05-11T15:28:42Z" finished-at="2017-05-11T15:28:42Z">
          <reporter-output>
          </reporter-output>
        </test-method> <!-- closeBrowser -->
      </class> <!-- demo_package.Demo_Test2 -->
    </test> <!-- Default test -->
  </suite> <!-- Default suite -->
</testng-results>
